E:\VCPRJ\EVERYWHERE\EVERYWHERE\DEBUG\ATOMICOPS_INTERNALS_X86_MSVC.OBJ
E:\vcprj\everywhere\everywhere\Debug\cl.command.1.tlog
E:\vcprj\everywhere\everywhere\Debug\CL.read.1.tlog
E:\vcprj\everywhere\everywhere\Debug\CL.write.1.tlog
E:\VCPRJ\EVERYWHERE\EVERYWHERE\DEBUG\CODED_STREAM.OBJ
E:\VCPRJ\EVERYWHERE\EVERYWHERE\DEBUG\COMMON.OBJ
E:\vcprj\everywhere\everywhere\Debug\custombuild.command.1.tlog
E:\vcprj\everywhere\everywhere\Debug\custombuild.read.1.tlog
E:\vcprj\everywhere\everywhere\Debug\custombuild.write.1.tlog
E:\VCPRJ\EVERYWHERE\EVERYWHERE\DEBUG\DESCRIPTOR.OBJ
E:\VCPRJ\EVERYWHERE\EVERYWHERE\DEBUG\DESCRIPTOR.PB.OBJ
E:\VCPRJ\EVERYWHERE\EVERYWHERE\DEBUG\DESCRIPTOR_DATABASE.OBJ
E:\VCPRJ\EVERYWHERE\EVERYWHERE\DEBUG\DYNAMIC_MESSAGE.OBJ
E:\VCPRJ\EVERYWHERE\EVERYWHERE\DEBUG\EVERYWHERE.EXE.INTERMEDIATE.MANIFEST
E:\VCPRJ\EVERYWHERE\EVERYWHERE\DEBUG\EVERYWHERE.OBJ
E:\vcprj\everywhere\everywhere\Debug\everywhere.vcxprojResolveAssemblyReference.cache
E:\vcprj\everywhere\everywhere\Debug\everywhere.write.1.tlog
E:\VCPRJ\EVERYWHERE\EVERYWHERE\DEBUG\EXTENSION_SET.OBJ
E:\VCPRJ\EVERYWHERE\EVERYWHERE\DEBUG\EXTENSION_SET_HEAVY.OBJ
E:\VCPRJ\EVERYWHERE\EVERYWHERE\DEBUG\GENERATED_MESSAGE_REFLECTION.OBJ
E:\VCPRJ\EVERYWHERE\EVERYWHERE\DEBUG\GENERATED_MESSAGE_UTIL.OBJ
E:\vcprj\everywhere\everywhere\Debug\link.command.1.tlog
E:\vcprj\everywhere\everywhere\Debug\link.read.1.tlog
E:\vcprj\everywhere\everywhere\Debug\link.write.1.tlog
E:\VCPRJ\EVERYWHERE\EVERYWHERE\DEBUG\MAIN.OBJ
E:\VCPRJ\EVERYWHERE\EVERYWHERE\DEBUG\MESSAGE.OBJ
E:\VCPRJ\EVERYWHERE\EVERYWHERE\DEBUG\MESSAGE_LITE.OBJ
E:\VCPRJ\EVERYWHERE\EVERYWHERE\DEBUG\MOC_EVERYWHERE.OBJ
E:\VCPRJ\EVERYWHERE\EVERYWHERE\DEBUG\MSG.OBJ
E:\VCPRJ\EVERYWHERE\EVERYWHERE\DEBUG\MSG_HEARTBEAT.OBJ
E:\VCPRJ\EVERYWHERE\EVERYWHERE\DEBUG\MSG_NWPB.OBJ
E:\vcprj\everywhere\everywhere\Debug\mt.command.1.tlog
E:\vcprj\everywhere\everywhere\Debug\mt.read.1.tlog
E:\vcprj\everywhere\everywhere\Debug\mt.write.1.tlog
E:\VCPRJ\EVERYWHERE\EVERYWHERE\DEBUG\NWPB.PB.OBJ
E:\VCPRJ\EVERYWHERE\EVERYWHERE\DEBUG\ONCE.OBJ
E:\VCPRJ\EVERYWHERE\EVERYWHERE\DEBUG\PACKET.OBJ
E:\VCPRJ\EVERYWHERE\EVERYWHERE\DEBUG\PRINTER.OBJ
E:\VCPRJ\EVERYWHERE\EVERYWHERE\DEBUG\QRC_EVERYWHERE.OBJ
E:\VCPRJ\EVERYWHERE\EVERYWHERE\DEBUG\REFLECTION_OPS.OBJ
E:\VCPRJ\EVERYWHERE\EVERYWHERE\DEBUG\REPEATED_FIELD.OBJ
E:\VCPRJ\EVERYWHERE\EVERYWHERE\DEBUG\SERVICE.OBJ
E:\VCPRJ\EVERYWHERE\EVERYWHERE\DEBUG\STRINGPRINTF.OBJ
E:\VCPRJ\EVERYWHERE\EVERYWHERE\DEBUG\STRTOD.OBJ
E:\VCPRJ\EVERYWHERE\EVERYWHERE\DEBUG\STRUCTURALLY_VALID.OBJ
E:\VCPRJ\EVERYWHERE\EVERYWHERE\DEBUG\STRUTIL.OBJ
E:\VCPRJ\EVERYWHERE\EVERYWHERE\DEBUG\SUBSTITUTE.OBJ
E:\VCPRJ\EVERYWHERE\EVERYWHERE\DEBUG\TOKENIZER.OBJ
E:\VCPRJ\EVERYWHERE\EVERYWHERE\DEBUG\UNKNOWN_FIELD_SET.OBJ
E:\VCPRJ\EVERYWHERE\EVERYWHERE\DEBUG\VC100.PDB
E:\VCPRJ\EVERYWHERE\EVERYWHERE\DEBUG\WIRE_FORMAT.OBJ
E:\VCPRJ\EVERYWHERE\EVERYWHERE\DEBUG\WIRE_FORMAT_LITE.OBJ
E:\VCPRJ\EVERYWHERE\EVERYWHERE\DEBUG\ZERO_COPY_STREAM.OBJ
E:\VCPRJ\EVERYWHERE\EVERYWHERE\DEBUG\ZERO_COPY_STREAM_IMPL.OBJ
E:\VCPRJ\EVERYWHERE\EVERYWHERE\DEBUG\ZERO_COPY_STREAM_IMPL_LITE.OBJ
E:\VCPRJ\EVERYWHERE\EVERYWHERE\GENERATEDFILES\DEBUG\MOC_EVERYWHERE.CPP
E:\VCPRJ\EVERYWHERE\EVERYWHERE\GENERATEDFILES\QRC_EVERYWHERE.CPP
E:\VCPRJ\EVERYWHERE\EVERYWHERE\GENERATEDFILES\UI_EVERYWHERE.H
E:\VCPRJ\EVERYWHERE\EVERYWHERE\WIN32\DEBUG\EVERYWHERE.EXE
E:\VCPRJ\EVERYWHERE\EVERYWHERE\WIN32\DEBUG\EVERYWHERE.ILK
E:\VCPRJ\EVERYWHERE\EVERYWHERE\WIN32\DEBUG\EVERYWHERE.PDB
